# JRE version: OpenJDK Runtime Environment (15.0.2+7) (build 15.0.2+7-27)
# Java VM: OpenJDK 64-Bit Server VM (15.0.2+7-27, mixed mode, tiered, compressed oops, g1 gc, windows-amd64)
GC Precious Log:
 CPUs: 8 total, 8 available
 Memory: 3962M
 Large Page Support: Disabled
 NUMA Support: Disabled
 Compressed Oops: Enabled (32-bit)
 Heap Region Size: 1M
 Heap Min Capacity: 8M
 Heap Initial Capacity: 62M
 Heap Max Capacity: 992M
 Pre-touch: Disabled
 Parallel Workers: 8
 Concurrent Workers: 2
 Concurrent Refinement Workers: 8
 Periodic GC: Disabled
Heap:
 garbage-first heap   total 89088K, used 28581K [0x00000000c2000000, 0x0000000100000000)
  region size 1024K, 6 young (6144K), 6 survivors (6144K)
 Metaspace       used 54301K, capacity 54935K, committed 55040K, reserved 1105920K
  class space    used 6912K, capacity 7108K, committed 7168K, reserved 1048576K
GC Heap History (20 events):
Event: 3.997 GC heap before
{Heap before GC invocations=8 (full 0):
 garbage-first heap   total 61440K, used 44428K [0x00000000c2000000, 0x0000000100000000)
  region size 1024K, 35 young (35840K), 3 survivors (3072K)
 Metaspace       used 28799K, capacity 29203K, committed 29440K, reserved 1075200K
  class space    used 3351K, capacity 3470K, committed 3584K, reserved 1048576K
}
Event: 4.003 GC heap after
{Heap after GC invocations=9 (full 0):
 garbage-first heap   total 61440K, used 14354K [0x00000000c2000000, 0x0000000100000000)
  region size 1024K, 4 young (4096K), 4 survivors (4096K)
 Metaspace       used 28799K, capacity 29203K, committed 29440K, reserved 1075200K
  class space    used 3351K, capacity 3470K, committed 3584K, reserved 1048576K
}
Event: 4.991 GC heap before
{Heap before GC invocations=9 (full 0):
 garbage-first heap   total 61440K, used 47122K [0x00000000c2000000, 0x0000000100000000)
  region size 1024K, 36 young (36864K), 4 survivors (4096K)
 Metaspace       used 30932K, capacity 31344K, committed 31488K, reserved 1077248K
  class space    used 3689K, capacity 3812K, committed 3840K, reserved 1048576K
}
Event: 4.999 GC heap after
{Heap after GC invocations=10 (full 0):
 garbage-first heap   total 61440K, used 15697K [0x00000000c2000000, 0x0000000100000000)
  region size 1024K, 4 young (4096K), 4 survivors (4096K)
 Metaspace       used 30932K, capacity 31344K, committed 31488K, reserved 1077248K
  class space    used 3689K, capacity 3812K, committed 3840K, reserved 1048576K
}
Event: 5.979 GC heap before
{Heap before GC invocations=10 (full 0):
 garbage-first heap   total 61440K, used 47441K [0x00000000c2000000, 0x0000000100000000)
  region size 1024K, 35 young (35840K), 4 survivors (4096K)
 Metaspace       used 34419K, capacity 34916K, committed 35200K, reserved 1079296K
  class space    used 4233K, capacity 4415K, committed 4480K, reserved 1048576K
}
Event: 5.989 GC heap after
{Heap after GC invocations=11 (full 0):
 garbage-first heap   total 73728K, used 18011K [0x00000000c2000000, 0x0000000100000000)
  region size 1024K, 5 young (5120K), 5 survivors (5120K)
 Metaspace       used 34419K, capacity 34916K, committed 35200K, reserved 1079296K
  class space    used 4233K, capacity 4415K, committed 4480K, reserved 1048576K
}
Event: 6.180 GC heap before
{Heap before GC invocations=11 (full 0):
 garbage-first heap   total 73728K, used 22107K [0x00000000c2000000, 0x0000000100000000)
  region size 1024K, 10 young (10240K), 5 survivors (5120K)
 Metaspace       used 35304K, capacity 35751K, committed 35840K, reserved 1081344K
  class space    used 4364K, capacity 4544K, committed 4608K, reserved 1048576K
}
Event: 6.190 GC heap after
{Heap after GC invocations=12 (full 0):
 garbage-first heap   total 73728K, used 18408K [0x00000000c2000000, 0x0000000100000000)
  region size 1024K, 4 young (4096K), 4 survivors (4096K)
 Metaspace       used 35304K, capacity 35751K, committed 35840K, reserved 1081344K
  class space    used 4364K, capacity 4544K, committed 4608K, reserved 1048576K
}
Event: 6.610 GC heap before
{Heap before GC invocations=13 (full 0):
 garbage-first heap   total 73728K, used 53224K [0x00000000c2000000, 0x0000000100000000)
  region size 1024K, 39 young (39936K), 4 survivors (4096K)
 Metaspace       used 37192K, capacity 37739K, committed 37888K, reserved 1083392K
  class space    used 4619K, capacity 4840K, committed 4864K, reserved 1048576K
}
Event: 6.618 GC heap after
{Heap after GC invocations=14 (full 0):
 garbage-first heap   total 73728K, used 19836K [0x00000000c2000000, 0x0000000100000000)
  region size 1024K, 2 young (2048K), 2 survivors (2048K)
 Metaspace       used 37192K, capacity 37739K, committed 37888K, reserved 1083392K
  class space    used 4619K, capacity 4840K, committed 4864K, reserved 1048576K
}
Event: 6.808 GC heap before
{Heap before GC invocations=14 (full 0):
 garbage-first heap   total 73728K, used 54652K [0x00000000c2000000, 0x0000000100000000)
  region size 1024K, 37 young (37888K), 2 survivors (2048K)
 Metaspace       used 38469K, capacity 39019K, committed 39296K, reserved 1083392K
  class space    used 4741K, capacity 4968K, committed 4992K, reserved 1048576K
}
Event: 6.813 GC heap after
{Heap after GC invocations=15 (full 0):
 garbage-first heap   total 73728K, used 21008K [0x00000000c2000000, 0x0000000100000000)
  region size 1024K, 4 young (4096K), 4 survivors (4096K)
 Metaspace       used 38469K, capacity 39019K, committed 39296K, reserved 1083392K
  class space    used 4741K, capacity 4968K, committed 4992K, reserved 1048576K
}
Event: 7.047 GC heap before
{Heap before GC invocations=15 (full 0):
 garbage-first heap   total 73728K, used 55824K [0x00000000c2000000, 0x0000000100000000)
  region size 1024K, 39 young (39936K), 4 survivors (4096K)
 Metaspace       used 38927K, capacity 39505K, committed 39680K, reserved 1083392K
  class space    used 4781K, capacity 5001K, committed 5120K, reserved 1048576K
}
Event: 7.054 GC heap after
{Heap after GC invocations=16 (full 0):
 garbage-first heap   total 73728K, used 22661K [0x00000000c2000000, 0x0000000100000000)
  region size 1024K, 3 young (3072K), 3 survivors (3072K)
 Metaspace       used 38927K, capacity 39505K, committed 39680K, reserved 1083392K
  class space    used 4781K, capacity 5001K, committed 5120K, reserved 1048576K
}
Event: 7.086 GC heap before
{Heap before GC invocations=16 (full 0):
 garbage-first heap   total 73728K, used 57477K [0x00000000c2000000, 0x0000000100000000)
  region size 1024K, 37 young (37888K), 3 survivors (3072K)
 Metaspace       used 38927K, capacity 39505K, committed 39680K, reserved 1083392K
  class space    used 4781K, capacity 5001K, committed 5120K, reserved 1048576K
}
Event: 7.091 GC heap after
{Heap after GC invocations=17 (full 0):
 garbage-first heap   total 89088K, used 23381K [0x00000000c2000000, 0x0000000100000000)
  region size 1024K, 3 young (3072K), 3 survivors (3072K)
 Metaspace       used 38927K, capacity 39505K, committed 39680K, reserved 1083392K
  class space    used 4781K, capacity 5001K, committed 5120K, reserved 1048576K
}
Event: 8.878 GC heap before
{Heap before GC invocations=17 (full 0):
 garbage-first heap   total 89088K, used 68437K [0x00000000c2000000, 0x0000000100000000)
  region size 1024K, 48 young (49152K), 3 survivors (3072K)
 Metaspace       used 44543K, capacity 45084K, committed 45312K, reserved 1089536K
  class space    used 5632K, capacity 5852K, committed 5888K, reserved 1048576K
}
Event: 8.887 GC heap after
{Heap after GC invocations=18 (full 0):
 garbage-first heap   total 89088K, used 24679K [0x00000000c2000000, 0x0000000100000000)
  region size 1024K, 5 young (5120K), 5 survivors (5120K)
 Metaspace       used 44543K, capacity 45084K, committed 45312K, reserved 1089536K
  class space    used 5632K, capacity 5852K, committed 5888K, reserved 1048576K
}
Event: 10.877 GC heap before
{Heap before GC invocations=18 (full 0):
 garbage-first heap   total 89088K, used 64615K [0x00000000c2000000, 0x0000000100000000)
  region size 1024K, 46 young (47104K), 5 survivors (5120K)
 Metaspace       used 54301K, capacity 54935K, committed 55040K, reserved 1103872K
  class space    used 6912K, capacity 7108K, committed 7168K, reserved 1048576K
}
Event: 10.886 GC heap after
{Heap after GC invocations=19 (full 0):
 garbage-first heap   total 89088K, used 28581K [0x00000000c2000000, 0x0000000100000000)
  region size 1024K, 6 young (6144K), 6 survivors (6144K)
 Metaspace       used 54301K, capacity 54935K, committed 55040K, reserved 1103872K
  class space    used 6912K, capacity 7108K, committed 7168K, reserved 1048576K
}

