# JRE version: OpenJDK Runtime Environment (15.0.2+7) (build 15.0.2+7-27)
# Java VM: OpenJDK 64-Bit Server VM (15.0.2+7-27, mixed mode, tiered, compressed oops, g1 gc, windows-amd64)
GC Precious Log:
 CPUs: 8 total, 8 available
 Memory: 3962M
 Large Page Support: Disabled
 NUMA Support: Disabled
 Compressed Oops: Enabled (32-bit)
 Heap Region Size: 1M
 Heap Min Capacity: 8M
 Heap Initial Capacity: 62M
 Heap Max Capacity: 992M
 Pre-touch: Disabled
 Parallel Workers: 8
 Concurrent Workers: 2
 Concurrent Refinement Workers: 8
 Periodic GC: Disabled
Heap:
 garbage-first heap   total 95232K, used 33684K [0x00000000c2000000, 0x0000000100000000)
  region size 1024K, 4 young (4096K), 4 survivors (4096K)
 Metaspace       used 62828K, capacity 63475K, committed 63524K, reserved 1103872K
  class space    used 8226K, capacity 8436K, committed 8484K, reserved 1048576K
GC Heap History (20 events):
Event: 3.228 GC heap after
{Heap after GC invocations=15 (full 0):
 garbage-first heap   total 54272K, used 20667K [0x00000000c2000000, 0x0000000100000000)
  region size 1024K, 2 young (2048K), 2 survivors (2048K)
 Metaspace       used 37181K, capacity 37712K, committed 37888K, reserved 1083392K
  class space    used 4613K, capacity 4835K, committed 4864K, reserved 1048576K
}
Event: 3.230 GC heap before
{Heap before GC invocations=15 (full 0):
 garbage-first heap   total 54272K, used 40123K [0x00000000c2000000, 0x0000000100000000)
  region size 1024K, 22 young (22528K), 2 survivors (2048K)
 Metaspace       used 37181K, capacity 37712K, committed 37888K, reserved 1083392K
  class space    used 4613K, capacity 4835K, committed 4864K, reserved 1048576K
}
Event: 3.232 GC heap after
{Heap after GC invocations=16 (full 0):
 garbage-first heap   total 65536K, used 20542K [0x00000000c2000000, 0x0000000100000000)
  region size 1024K, 1 young (1024K), 1 survivors (1024K)
 Metaspace       used 37181K, capacity 37712K, committed 37888K, reserved 1083392K
  class space    used 4613K, capacity 4835K, committed 4864K, reserved 1048576K
}
Event: 3.362 GC heap before
{Heap before GC invocations=16 (full 0):
 garbage-first heap   total 65536K, used 51262K [0x00000000c2000000, 0x0000000100000000)
  region size 1024K, 32 young (32768K), 1 survivors (1024K)
 Metaspace       used 38454K, capacity 38992K, committed 39040K, reserved 1083392K
  class space    used 4735K, capacity 4963K, committed 4992K, reserved 1048576K
}
Event: 3.367 GC heap after
{Heap after GC invocations=17 (full 0):
 garbage-first heap   total 65536K, used 25380K [0x00000000c2000000, 0x0000000100000000)
  region size 1024K, 4 young (4096K), 4 survivors (4096K)
 Metaspace       used 38454K, capacity 38992K, committed 39040K, reserved 1083392K
  class space    used 4735K, capacity 4963K, committed 4992K, reserved 1048576K
}
Event: 3.475 GC heap before
{Heap before GC invocations=17 (full 0):
 garbage-first heap   total 65536K, used 48932K [0x00000000c2000000, 0x0000000100000000)
  region size 1024K, 28 young (28672K), 4 survivors (4096K)
 Metaspace       used 38910K, capacity 39478K, committed 39680K, reserved 1083392K
  class space    used 4775K, capacity 4996K, committed 5120K, reserved 1048576K
}
Event: 3.478 GC heap after
{Heap after GC invocations=18 (full 0):
 garbage-first heap   total 65536K, used 24617K [0x00000000c2000000, 0x0000000100000000)
  region size 1024K, 1 young (1024K), 1 survivors (1024K)
 Metaspace       used 38910K, capacity 39478K, committed 39680K, reserved 1083392K
  class space    used 4775K, capacity 4996K, committed 5120K, reserved 1048576K
}
Event: 3.482 GC heap before
{Heap before GC invocations=18 (full 0):
 garbage-first heap   total 65536K, used 49193K [0x00000000c2000000, 0x0000000100000000)
  region size 1024K, 26 young (26624K), 1 survivors (1024K)
 Metaspace       used 38910K, capacity 39478K, committed 39680K, reserved 1083392K
  class space    used 4775K, capacity 4996K, committed 5120K, reserved 1048576K
}
Event: 3.483 GC heap after
{Heap after GC invocations=19 (full 0):
 garbage-first heap   total 65536K, used 24544K [0x00000000c2000000, 0x0000000100000000)
  region size 1024K, 1 young (1024K), 1 survivors (1024K)
 Metaspace       used 38910K, capacity 39478K, committed 39680K, reserved 1083392K
  class space    used 4775K, capacity 4996K, committed 5120K, reserved 1048576K
}
Event: 3.628 GC heap before
{Heap before GC invocations=19 (full 0):
 garbage-first heap   total 65536K, used 51168K [0x00000000c2000000, 0x0000000100000000)
  region size 1024K, 27 young (27648K), 1 survivors (1024K)
 Metaspace       used 39654K, capacity 40189K, committed 40448K, reserved 1085440K
  class space    used 4888K, capacity 5103K, committed 5120K, reserved 1048576K
}
Event: 3.631 GC heap after
{Heap after GC invocations=20 (full 0):
 garbage-first heap   total 65536K, used 24837K [0x00000000c2000000, 0x0000000100000000)
  region size 1024K, 1 young (1024K), 1 survivors (1024K)
 Metaspace       used 39654K, capacity 40189K, committed 40448K, reserved 1085440K
  class space    used 4888K, capacity 5103K, committed 5120K, reserved 1048576K
}
Event: 4.179 GC heap before
{Heap before GC invocations=20 (full 0):
 garbage-first heap   total 65536K, used 52485K [0x00000000c2000000, 0x0000000100000000)
  region size 1024K, 28 young (28672K), 1 survivors (1024K)
 Metaspace       used 44328K, capacity 44970K, committed 45056K, reserved 1089536K
  class space    used 5590K, capacity 5818K, committed 5888K, reserved 1048576K
}
Event: 4.182 GC heap after
{Heap after GC invocations=21 (full 0):
 garbage-first heap   total 78848K, used 26295K [0x00000000c2000000, 0x0000000100000000)
  region size 1024K, 3 young (3072K), 3 survivors (3072K)
 Metaspace       used 44328K, capacity 44970K, committed 45056K, reserved 1089536K
  class space    used 5590K, capacity 5818K, committed 5888K, reserved 1048576K
}
Event: 4.231 GC heap before
{Heap before GC invocations=21 (full 0):
 garbage-first heap   total 78848K, used 29367K [0x00000000c2000000, 0x0000000100000000)
  region size 1024K, 7 young (7168K), 3 survivors (3072K)
 Metaspace       used 45017K, capacity 45581K, committed 45656K, reserved 1089536K
  class space    used 5704K, capacity 5915K, committed 5976K, reserved 1048576K
}
Event: 4.235 GC heap after
{Heap after GC invocations=22 (full 0):
 garbage-first heap   total 78848K, used 26546K [0x00000000c2000000, 0x0000000100000000)
  region size 1024K, 3 young (3072K), 3 survivors (3072K)
 Metaspace       used 45017K, capacity 45581K, committed 45656K, reserved 1089536K
  class space    used 5704K, capacity 5915K, committed 5976K, reserved 1048576K
}
Event: 5.003 GC heap before
{Heap before GC invocations=23 (full 0):
 garbage-first heap   total 78848K, used 62386K [0x00000000c2000000, 0x0000000100000000)
  region size 1024K, 39 young (39936K), 3 survivors (3072K)
 Metaspace       used 54014K, capacity 54681K, committed 54692K, reserved 1097728K
  class space    used 6874K, capacity 7070K, committed 7076K, reserved 1048576K
}
Event: 5.009 GC heap after
{Heap after GC invocations=24 (full 0):
 garbage-first heap   total 78848K, used 30038K [0x00000000c2000000, 0x0000000100000000)
  region size 1024K, 5 young (5120K), 5 survivors (5120K)
 Metaspace       used 54014K, capacity 54681K, committed 54692K, reserved 1097728K
  class space    used 6874K, capacity 7070K, committed 7076K, reserved 1048576K
}
Event: 5.825 GC heap before
{Heap before GC invocations=24 (full 0):
 garbage-first heap   total 78848K, used 62806K [0x00000000c2000000, 0x0000000100000000)
  region size 1024K, 37 young (37888K), 5 survivors (5120K)
 Metaspace       used 58840K, capacity 59529K, committed 59684K, reserved 1101824K
  class space    used 7685K, capacity 7914K, committed 7972K, reserved 1048576K
}
Event: 5.831 GC heap after
{Heap after GC invocations=25 (full 0):
 garbage-first heap   total 78848K, used 32261K [0x00000000c2000000, 0x0000000100000000)
  region size 1024K, 3 young (3072K), 3 survivors (3072K)
 Metaspace       used 58840K, capacity 59529K, committed 59684K, reserved 1101824K
  class space    used 7685K, capacity 7914K, committed 7972K, reserved 1048576K
}
Event: 6.211 GC heap before
{Heap before GC invocations=25 (full 0):
 garbage-first heap   total 78848K, used 61957K [0x00000000c2000000, 0x0000000100000000)
  region size 1024K, 33 young (33792K), 3 survivors (3072K)
 Metaspace       used 62828K, capacity 63475K, committed 63524K, reserved 1103872K
  class space    used 8226K, capacity 8436K, committed 8484K, reserved 1048576K
}

