# JRE version: OpenJDK Runtime Environment (15.0.2+7) (build 15.0.2+7-27)
# Java VM: OpenJDK 64-Bit Server VM (15.0.2+7-27, mixed mode, tiered, compressed oops, g1 gc, windows-amd64)
GC Precious Log:
 CPUs: 8 total, 8 available
 Memory: 3962M
 Large Page Support: Disabled
 NUMA Support: Disabled
 Compressed Oops: Enabled (32-bit)
 Heap Region Size: 1M
 Heap Min Capacity: 8M
 Heap Initial Capacity: 62M
 Heap Max Capacity: 992M
 Pre-touch: Disabled
 Parallel Workers: 8
 Concurrent Workers: 2
 Concurrent Refinement Workers: 8
 Periodic GC: Disabled
Heap:
 garbage-first heap   total 78848K, used 25236K [0x00000000c2000000, 0x0000000100000000)
  region size 1024K, 3 young (3072K), 3 survivors (3072K)
 Metaspace       used 45014K, capacity 45578K, committed 45656K, reserved 1089536K
  class space    used 5704K, capacity 5914K, committed 5976K, reserved 1048576K
GC Heap History (20 events):
Event: 2.760 GC heap after
{Heap after GC invocations=11 (full 0):
 garbage-first heap   total 54272K, used 14033K [0x00000000c2000000, 0x0000000100000000)
  region size 1024K, 3 young (3072K), 3 survivors (3072K)
 Metaspace       used 28707K, capacity 29199K, committed 29440K, reserved 1075200K
  class space    used 3358K, capacity 3496K, committed 3584K, reserved 1048576K
}
Event: 3.183 GC heap before
{Heap before GC invocations=11 (full 0):
 garbage-first heap   total 54272K, used 40657K [0x00000000c2000000, 0x0000000100000000)
  region size 1024K, 29 young (29696K), 3 survivors (3072K)
 Metaspace       used 30711K, capacity 31162K, committed 31232K, reserved 1077248K
  class space    used 3679K, capacity 3803K, committed 3840K, reserved 1048576K
}
Event: 3.187 GC heap after
{Heap after GC invocations=12 (full 0):
 garbage-first heap   total 54272K, used 15832K [0x00000000c2000000, 0x0000000100000000)
  region size 1024K, 4 young (4096K), 4 survivors (4096K)
 Metaspace       used 30711K, capacity 31162K, committed 31232K, reserved 1077248K
  class space    used 3679K, capacity 3803K, committed 3840K, reserved 1048576K
}
Event: 3.604 GC heap before
{Heap before GC invocations=12 (full 0):
 garbage-first heap   total 54272K, used 41432K [0x00000000c2000000, 0x0000000100000000)
  region size 1024K, 29 young (29696K), 4 survivors (4096K)
 Metaspace       used 33714K, capacity 34209K, committed 34304K, reserved 1079296K
  class space    used 4124K, capacity 4298K, committed 4352K, reserved 1048576K
}
Event: 3.609 GC heap after
{Heap after GC invocations=13 (full 0):
 garbage-first heap   total 54272K, used 17811K [0x00000000c2000000, 0x0000000100000000)
  region size 1024K, 4 young (4096K), 4 survivors (4096K)
 Metaspace       used 33714K, capacity 34209K, committed 34304K, reserved 1079296K
  class space    used 4124K, capacity 4298K, committed 4352K, reserved 1048576K
}
Event: 4.016 GC heap before
{Heap before GC invocations=13 (full 0):
 garbage-first heap   total 54272K, used 42387K [0x00000000c2000000, 0x0000000100000000)
  region size 1024K, 28 young (28672K), 4 survivors (4096K)
 Metaspace       used 37149K, capacity 37706K, committed 37888K, reserved 1083392K
  class space    used 4608K, capacity 4834K, committed 4864K, reserved 1048576K
}
Event: 4.022 GC heap after
{Heap after GC invocations=14 (full 0):
 garbage-first heap   total 54272K, used 20053K [0x00000000c2000000, 0x0000000100000000)
  region size 1024K, 4 young (4096K), 4 survivors (4096K)
 Metaspace       used 37149K, capacity 37706K, committed 37888K, reserved 1083392K
  class space    used 4608K, capacity 4834K, committed 4864K, reserved 1048576K
}
Event: 4.033 GC heap before
{Heap before GC invocations=14 (full 0):
 garbage-first heap   total 54272K, used 40533K [0x00000000c2000000, 0x0000000100000000)
  region size 1024K, 25 young (25600K), 4 survivors (4096K)
 Metaspace       used 37172K, capacity 37706K, committed 37888K, reserved 1083392K
  class space    used 4613K, capacity 4834K, committed 4864K, reserved 1048576K
}
Event: 4.038 GC heap after
{Heap after GC invocations=15 (full 0):
 garbage-first heap   total 65536K, used 20970K [0x00000000c2000000, 0x0000000100000000)
  region size 1024K, 1 young (1024K), 1 survivors (1024K)
 Metaspace       used 37172K, capacity 37706K, committed 37888K, reserved 1083392K
  class space    used 4613K, capacity 4834K, committed 4864K, reserved 1048576K
}
Event: 4.161 GC heap before
{Heap before GC invocations=15 (full 0):
 garbage-first heap   total 65536K, used 50666K [0x00000000c2000000, 0x0000000100000000)
  region size 1024K, 31 young (31744K), 1 survivors (1024K)
 Metaspace       used 38447K, capacity 38986K, committed 39040K, reserved 1083392K
  class space    used 4734K, capacity 4962K, committed 4992K, reserved 1048576K
}
Event: 4.163 GC heap after
{Heap after GC invocations=16 (full 0):
 garbage-first heap   total 65536K, used 21639K [0x00000000c2000000, 0x0000000100000000)
  region size 1024K, 2 young (2048K), 2 survivors (2048K)
 Metaspace       used 38447K, capacity 38986K, committed 39040K, reserved 1083392K
  class space    used 4734K, capacity 4962K, committed 4992K, reserved 1048576K
}
Event: 4.296 GC heap before
{Heap before GC invocations=16 (full 0):
 garbage-first heap   total 65536K, used 51335K [0x00000000c2000000, 0x0000000100000000)
  region size 1024K, 32 young (32768K), 2 survivors (2048K)
 Metaspace       used 38901K, capacity 39472K, committed 39680K, reserved 1083392K
  class space    used 4773K, capacity 4995K, committed 5120K, reserved 1048576K
}
Event: 4.299 GC heap after
{Heap after GC invocations=17 (full 0):
 garbage-first heap   total 65536K, used 23097K [0x00000000c2000000, 0x0000000100000000)
  region size 1024K, 3 young (3072K), 3 survivors (3072K)
 Metaspace       used 38901K, capacity 39472K, committed 39680K, reserved 1083392K
  class space    used 4773K, capacity 4995K, committed 5120K, reserved 1048576K
}
Event: 4.306 GC heap before
{Heap before GC invocations=17 (full 0):
 garbage-first heap   total 65536K, used 50745K [0x00000000c2000000, 0x0000000100000000)
  region size 1024K, 31 young (31744K), 3 survivors (3072K)
 Metaspace       used 38902K, capacity 39472K, committed 39680K, reserved 1083392K
  class space    used 4773K, capacity 4995K, committed 5120K, reserved 1048576K
}
Event: 4.309 GC heap after
{Heap after GC invocations=18 (full 0):
 garbage-first heap   total 65536K, used 23328K [0x00000000c2000000, 0x0000000100000000)
  region size 1024K, 1 young (1024K), 1 survivors (1024K)
 Metaspace       used 38902K, capacity 39472K, committed 39680K, reserved 1083392K
  class space    used 4773K, capacity 4995K, committed 5120K, reserved 1048576K
}
Event: 4.401 GC heap before
{Heap before GC invocations=18 (full 0):
 garbage-first heap   total 65536K, used 52000K [0x00000000c2000000, 0x0000000100000000)
  region size 1024K, 29 young (29696K), 1 survivors (1024K)
 Metaspace       used 39217K, capacity 39763K, committed 39936K, reserved 1083392K
  class space    used 4813K, capacity 5028K, committed 5120K, reserved 1048576K
}
Event: 4.403 GC heap after
{Heap after GC invocations=19 (full 0):
 garbage-first heap   total 65536K, used 23280K [0x00000000c2000000, 0x0000000100000000)
  region size 1024K, 1 young (1024K), 1 survivors (1024K)
 Metaspace       used 39217K, capacity 39763K, committed 39936K, reserved 1083392K
  class space    used 4813K, capacity 5028K, committed 5120K, reserved 1048576K
}
Event: 4.947 GC heap before
{Heap before GC invocations=19 (full 0):
 garbage-first heap   total 65536K, used 52976K [0x00000000c2000000, 0x0000000100000000)
  region size 1024K, 30 young (30720K), 1 survivors (1024K)
 Metaspace       used 43642K, capacity 44184K, committed 44416K, reserved 1087488K
  class space    used 5475K, capacity 5685K, committed 5760K, reserved 1048576K
}
Event: 4.950 GC heap after
{Heap after GC invocations=20 (full 0):
 garbage-first heap   total 65536K, used 24877K [0x00000000c2000000, 0x0000000100000000)
  region size 1024K, 2 young (2048K), 2 survivors (2048K)
 Metaspace       used 43642K, capacity 44184K, committed 44416K, reserved 1087488K
  class space    used 5475K, capacity 5685K, committed 5760K, reserved 1048576K
}
Event: 5.055 GC heap before
{Heap before GC invocations=20 (full 0):
 garbage-first heap   total 65536K, used 29997K [0x00000000c2000000, 0x0000000100000000)
  region size 1024K, 8 young (8192K), 2 survivors (2048K)
 Metaspace       used 45014K, capacity 45578K, committed 45656K, reserved 1089536K
  class space    used 5704K, capacity 5914K, committed 5976K, reserved 1048576K
}

