# JRE version: OpenJDK Runtime Environment (15.0.2+7) (build 15.0.2+7-27)
# Java VM: OpenJDK 64-Bit Server VM (15.0.2+7-27, mixed mode, tiered, compressed oops, g1 gc, windows-amd64)
GC Precious Log:
 CPUs: 8 total, 8 available
 Memory: 3962M
 Large Page Support: Disabled
 NUMA Support: Disabled
 Compressed Oops: Enabled (32-bit)
 Heap Region Size: 1M
 Heap Min Capacity: 8M
 Heap Initial Capacity: 62M
 Heap Max Capacity: 992M
 Pre-touch: Disabled
 Parallel Workers: 8
 Concurrent Workers: 2
 Concurrent Refinement Workers: 8
 Periodic GC: Disabled
Heap:
 garbage-first heap   total 80896K, used 57099K [0x00000000c2000000, 0x0000000100000000)
  region size 1024K, 18 young (18432K), 1 survivors (1024K)
 Metaspace       used 77485K, capacity 78442K, committed 78592K, reserved 1118208K
  class space    used 10115K, capacity 10437K, committed 10496K, reserved 1048576K
GC Heap History (20 events):
Event: 694.316 GC heap before
{Heap before GC invocations=228 (full 0):
 garbage-first heap   total 78848K, used 67326K [0x00000000c2000000, 0x0000000100000000)
  region size 1024K, 27 young (27648K), 1 survivors (1024K)
 Metaspace       used 77411K, capacity 78346K, committed 78592K, reserved 1118208K
  class space    used 10104K, capacity 10405K, committed 10496K, reserved 1048576K
}
Event: 694.319 GC heap after
{Heap after GC invocations=229 (full 0):
 garbage-first heap   total 78848K, used 41770K [0x00000000c2000000, 0x0000000100000000)
  region size 1024K, 1 young (1024K), 1 survivors (1024K)
 Metaspace       used 77411K, capacity 78346K, committed 78592K, reserved 1118208K
  class space    used 10104K, capacity 10405K, committed 10496K, reserved 1048576K
}
Event: 695.742 GC heap before
{Heap before GC invocations=230 (full 0):
 garbage-first heap   total 78848K, used 67370K [0x00000000c2000000, 0x0000000100000000)
  region size 1024K, 27 young (27648K), 1 survivors (1024K)
 Metaspace       used 77411K, capacity 78346K, committed 78592K, reserved 1118208K
  class space    used 10104K, capacity 10405K, committed 10496K, reserved 1048576K
}
Event: 695.745 GC heap after
{Heap after GC invocations=231 (full 0):
 garbage-first heap   total 78848K, used 41726K [0x00000000c2000000, 0x0000000100000000)
  region size 1024K, 1 young (1024K), 1 survivors (1024K)
 Metaspace       used 77411K, capacity 78346K, committed 78592K, reserved 1118208K
  class space    used 10104K, capacity 10405K, committed 10496K, reserved 1048576K
}
Event: 696.427 GC heap before
{Heap before GC invocations=231 (full 0):
 garbage-first heap   total 78848K, used 67326K [0x00000000c2000000, 0x0000000100000000)
  region size 1024K, 27 young (27648K), 1 survivors (1024K)
 Metaspace       used 77411K, capacity 78346K, committed 78592K, reserved 1118208K
  class space    used 10104K, capacity 10405K, committed 10496K, reserved 1048576K
}
Event: 696.430 GC heap after
{Heap after GC invocations=232 (full 0):
 garbage-first heap   total 78848K, used 41709K [0x00000000c2000000, 0x0000000100000000)
  region size 1024K, 1 young (1024K), 1 survivors (1024K)
 Metaspace       used 77411K, capacity 78346K, committed 78592K, reserved 1118208K
  class space    used 10104K, capacity 10405K, committed 10496K, reserved 1048576K
}
Event: 697.086 GC heap before
{Heap before GC invocations=233 (full 0):
 garbage-first heap   total 80896K, used 67309K [0x00000000c2000000, 0x0000000100000000)
  region size 1024K, 27 young (27648K), 1 survivors (1024K)
 Metaspace       used 77411K, capacity 78346K, committed 78592K, reserved 1118208K
  class space    used 10104K, capacity 10405K, committed 10496K, reserved 1048576K
}
Event: 697.089 GC heap after
{Heap after GC invocations=234 (full 0):
 garbage-first heap   total 80896K, used 41714K [0x00000000c2000000, 0x0000000100000000)
  region size 1024K, 1 young (1024K), 1 survivors (1024K)
 Metaspace       used 77411K, capacity 78346K, committed 78592K, reserved 1118208K
  class space    used 10104K, capacity 10405K, committed 10496K, reserved 1048576K
}
Event: 697.848 GC heap before
{Heap before GC invocations=234 (full 0):
 garbage-first heap   total 80896K, used 69362K [0x00000000c2000000, 0x0000000100000000)
  region size 1024K, 29 young (29696K), 1 survivors (1024K)
 Metaspace       used 77411K, capacity 78346K, committed 78592K, reserved 1118208K
  class space    used 10104K, capacity 10405K, committed 10496K, reserved 1048576K
}
Event: 697.850 GC heap after
{Heap after GC invocations=235 (full 0):
 garbage-first heap   total 80896K, used 41768K [0x00000000c2000000, 0x0000000100000000)
  region size 1024K, 1 young (1024K), 1 survivors (1024K)
 Metaspace       used 77411K, capacity 78346K, committed 78592K, reserved 1118208K
  class space    used 10104K, capacity 10405K, committed 10496K, reserved 1048576K
}
Event: 698.732 GC heap before
{Heap before GC invocations=236 (full 0):
 garbage-first heap   total 80896K, used 69416K [0x00000000c2000000, 0x0000000100000000)
  region size 1024K, 29 young (29696K), 1 survivors (1024K)
 Metaspace       used 77411K, capacity 78346K, committed 78592K, reserved 1118208K
  class space    used 10104K, capacity 10405K, committed 10496K, reserved 1048576K
}
Event: 698.735 GC heap after
{Heap after GC invocations=237 (full 0):
 garbage-first heap   total 80896K, used 41737K [0x00000000c2000000, 0x0000000100000000)
  region size 1024K, 1 young (1024K), 1 survivors (1024K)
 Metaspace       used 77411K, capacity 78346K, committed 78592K, reserved 1118208K
  class space    used 10104K, capacity 10405K, committed 10496K, reserved 1048576K
}
Event: 699.699 GC heap before
{Heap before GC invocations=237 (full 0):
 garbage-first heap   total 80896K, used 69385K [0x00000000c2000000, 0x0000000100000000)
  region size 1024K, 29 young (29696K), 1 survivors (1024K)
 Metaspace       used 77411K, capacity 78346K, committed 78592K, reserved 1118208K
  class space    used 10104K, capacity 10405K, committed 10496K, reserved 1048576K
}
Event: 699.702 GC heap after
{Heap after GC invocations=238 (full 0):
 garbage-first heap   total 80896K, used 41761K [0x00000000c2000000, 0x0000000100000000)
  region size 1024K, 1 young (1024K), 1 survivors (1024K)
 Metaspace       used 77411K, capacity 78346K, committed 78592K, reserved 1118208K
  class space    used 10104K, capacity 10405K, committed 10496K, reserved 1048576K
}
Event: 700.848 GC heap before
{Heap before GC invocations=239 (full 0):
 garbage-first heap   total 80896K, used 69409K [0x00000000c2000000, 0x0000000100000000)
  region size 1024K, 29 young (29696K), 1 survivors (1024K)
 Metaspace       used 77411K, capacity 78346K, committed 78592K, reserved 1118208K
  class space    used 10104K, capacity 10405K, committed 10496K, reserved 1048576K
}
Event: 700.850 GC heap after
{Heap after GC invocations=240 (full 0):
 garbage-first heap   total 80896K, used 41729K [0x00000000c2000000, 0x0000000100000000)
  region size 1024K, 1 young (1024K), 1 survivors (1024K)
 Metaspace       used 77411K, capacity 78346K, committed 78592K, reserved 1118208K
  class space    used 10104K, capacity 10405K, committed 10496K, reserved 1048576K
}
Event: 702.084 GC heap before
{Heap before GC invocations=240 (full 0):
 garbage-first heap   total 80896K, used 69377K [0x00000000c2000000, 0x0000000100000000)
  region size 1024K, 29 young (29696K), 1 survivors (1024K)
 Metaspace       used 77411K, capacity 78346K, committed 78592K, reserved 1118208K
  class space    used 10104K, capacity 10405K, committed 10496K, reserved 1048576K
}
Event: 702.087 GC heap after
{Heap after GC invocations=241 (full 0):
 garbage-first heap   total 80896K, used 41733K [0x00000000c2000000, 0x0000000100000000)
  region size 1024K, 1 young (1024K), 1 survivors (1024K)
 Metaspace       used 77411K, capacity 78346K, committed 78592K, reserved 1118208K
  class space    used 10104K, capacity 10405K, committed 10496K, reserved 1048576K
}
Event: 703.201 GC heap before
{Heap before GC invocations=242 (full 0):
 garbage-first heap   total 80896K, used 69381K [0x00000000c2000000, 0x0000000100000000)
  region size 1024K, 29 young (29696K), 1 survivors (1024K)
 Metaspace       used 77411K, capacity 78346K, committed 78592K, reserved 1118208K
  class space    used 10104K, capacity 10405K, committed 10496K, reserved 1048576K
}
Event: 703.204 GC heap after
{Heap after GC invocations=243 (full 0):
 garbage-first heap   total 80896K, used 41739K [0x00000000c2000000, 0x0000000100000000)
  region size 1024K, 1 young (1024K), 1 survivors (1024K)
 Metaspace       used 77411K, capacity 78346K, committed 78592K, reserved 1118208K
  class space    used 10104K, capacity 10405K, committed 10496K, reserved 1048576K
}

