# JRE version: OpenJDK Runtime Environment (15.0.2+7) (build 15.0.2+7-27)
# Java VM: OpenJDK 64-Bit Server VM (15.0.2+7-27, mixed mode, tiered, compressed oops, g1 gc, windows-amd64)
GC Precious Log:
 CPUs: 8 total, 8 available
 Memory: 3962M
 Large Page Support: Disabled
 NUMA Support: Disabled
 Compressed Oops: Enabled (32-bit)
 Heap Region Size: 1M
 Heap Min Capacity: 8M
 Heap Initial Capacity: 62M
 Heap Max Capacity: 992M
 Pre-touch: Disabled
 Parallel Workers: 8
 Concurrent Workers: 2
 Concurrent Refinement Workers: 8
 Periodic GC: Disabled
Heap:
 garbage-first heap   total 95232K, used 35196K [0x00000000c2000000, 0x0000000100000000)
  region size 1024K, 4 young (4096K), 4 survivors (4096K)
 Metaspace       used 62636K, capacity 63287K, committed 63488K, reserved 1103872K
  class space    used 8223K, capacity 8436K, committed 8448K, reserved 1048576K
GC Heap History (20 events):
Event: 2.894 GC heap after
{Heap after GC invocations=13 (full 0):
 garbage-first heap   total 54272K, used 18487K [0x00000000c2000000, 0x0000000100000000)
  region size 1024K, 4 young (4096K), 4 survivors (4096K)
 Metaspace       used 35248K, capacity 35743K, committed 35840K, reserved 1081344K
  class space    used 4355K, capacity 4542K, committed 4608K, reserved 1048576K
}
Event: 3.108 GC heap before
{Heap before GC invocations=14 (full 0):
 garbage-first heap   total 54272K, used 41015K [0x00000000c2000000, 0x0000000100000000)
  region size 1024K, 27 young (27648K), 4 survivors (4096K)
 Metaspace       used 37146K, capacity 37646K, committed 37888K, reserved 1083392K
  class space    used 4613K, capacity 4834K, committed 4864K, reserved 1048576K
}
Event: 3.114 GC heap after
{Heap after GC invocations=15 (full 0):
 garbage-first heap   total 65536K, used 20010K [0x00000000c2000000, 0x0000000100000000)
  region size 1024K, 4 young (4096K), 4 survivors (4096K)
 Metaspace       used 37146K, capacity 37646K, committed 37888K, reserved 1083392K
  class space    used 4613K, capacity 4834K, committed 4864K, reserved 1048576K
}
Event: 3.124 GC heap before
{Heap before GC invocations=15 (full 0):
 garbage-first heap   total 65536K, used 48682K [0x00000000c2000000, 0x0000000100000000)
  region size 1024K, 33 young (33792K), 4 survivors (4096K)
 Metaspace       used 37146K, capacity 37646K, committed 37888K, reserved 1083392K
  class space    used 4613K, capacity 4834K, committed 4864K, reserved 1048576K
}
Event: 3.127 GC heap after
{Heap after GC invocations=16 (full 0):
 garbage-first heap   total 65536K, used 20101K [0x00000000c2000000, 0x0000000100000000)
  region size 1024K, 2 young (2048K), 2 survivors (2048K)
 Metaspace       used 37146K, capacity 37646K, committed 37888K, reserved 1083392K
  class space    used 4613K, capacity 4834K, committed 4864K, reserved 1048576K
}
Event: 3.253 GC heap before
{Heap before GC invocations=16 (full 0):
 garbage-first heap   total 65536K, used 49797K [0x00000000c2000000, 0x0000000100000000)
  region size 1024K, 32 young (32768K), 2 survivors (2048K)
 Metaspace       used 38424K, capacity 38926K, committed 39040K, reserved 1083392K
  class space    used 4734K, capacity 4962K, committed 4992K, reserved 1048576K
}
Event: 3.258 GC heap after
{Heap after GC invocations=17 (full 0):
 garbage-first heap   total 65536K, used 26536K [0x00000000c2000000, 0x0000000100000000)
  region size 1024K, 4 young (4096K), 4 survivors (4096K)
 Metaspace       used 38424K, capacity 38926K, committed 39040K, reserved 1083392K
  class space    used 4734K, capacity 4962K, committed 4992K, reserved 1048576K
}
Event: 3.358 GC heap before
{Heap before GC invocations=17 (full 0):
 garbage-first heap   total 65536K, used 48040K [0x00000000c2000000, 0x0000000100000000)
  region size 1024K, 26 young (26624K), 4 survivors (4096K)
 Metaspace       used 38876K, capacity 39412K, committed 39680K, reserved 1083392K
  class space    used 4773K, capacity 4995K, committed 5120K, reserved 1048576K
}
Event: 3.361 GC heap after
{Heap after GC invocations=18 (full 0):
 garbage-first heap   total 65536K, used 25992K [0x00000000c2000000, 0x0000000100000000)
  region size 1024K, 1 young (1024K), 1 survivors (1024K)
 Metaspace       used 38876K, capacity 39412K, committed 39680K, reserved 1083392K
  class space    used 4773K, capacity 4995K, committed 5120K, reserved 1048576K
}
Event: 3.368 GC heap before
{Heap before GC invocations=18 (full 0):
 garbage-first heap   total 65536K, used 48520K [0x00000000c2000000, 0x0000000100000000)
  region size 1024K, 24 young (24576K), 1 survivors (1024K)
 Metaspace       used 38876K, capacity 39412K, committed 39680K, reserved 1083392K
  class space    used 4773K, capacity 4995K, committed 5120K, reserved 1048576K
}
Event: 3.370 GC heap after
{Heap after GC invocations=19 (full 0):
 garbage-first heap   total 78848K, used 25915K [0x00000000c2000000, 0x0000000100000000)
  region size 1024K, 1 young (1024K), 1 survivors (1024K)
 Metaspace       used 38876K, capacity 39412K, committed 39680K, reserved 1083392K
  class space    used 4773K, capacity 4995K, committed 5120K, reserved 1048576K
}
Event: 3.682 GC heap before
{Heap before GC invocations=19 (full 0):
 garbage-first heap   total 78848K, used 61755K [0x00000000c2000000, 0x0000000100000000)
  region size 1024K, 36 young (36864K), 1 survivors (1024K)
 Metaspace       used 40266K, capacity 40816K, committed 41088K, reserved 1085440K
  class space    used 4994K, capacity 5203K, committed 5248K, reserved 1048576K
}
Event: 3.687 GC heap after
{Heap after GC invocations=20 (full 0):
 garbage-first heap   total 78848K, used 26686K [0x00000000c2000000, 0x0000000100000000)
  region size 1024K, 2 young (2048K), 2 survivors (2048K)
 Metaspace       used 40266K, capacity 40816K, committed 41088K, reserved 1085440K
  class space    used 4994K, capacity 5203K, committed 5248K, reserved 1048576K
}
Event: 4.346 GC heap before
{Heap before GC invocations=20 (full 0):
 garbage-first heap   total 78848K, used 62526K [0x00000000c2000000, 0x0000000100000000)
  region size 1024K, 37 young (37888K), 2 survivors (2048K)
 Metaspace       used 48305K, capacity 48913K, committed 49152K, reserved 1091584K
  class space    used 6145K, capacity 6363K, committed 6400K, reserved 1048576K
}
Event: 4.350 GC heap after
{Heap after GC invocations=21 (full 0):
 garbage-first heap   total 78848K, used 28668K [0x00000000c2000000, 0x0000000100000000)
  region size 1024K, 4 young (4096K), 4 survivors (4096K)
 Metaspace       used 48305K, capacity 48913K, committed 49152K, reserved 1091584K
  class space    used 6145K, capacity 6363K, committed 6400K, reserved 1048576K
}
Event: 4.871 GC heap before
{Heap before GC invocations=21 (full 0):
 garbage-first heap   total 78848K, used 62460K [0x00000000c2000000, 0x0000000100000000)
  region size 1024K, 37 young (37888K), 4 survivors (4096K)
 Metaspace       used 56133K, capacity 56795K, committed 56960K, reserved 1099776K
  class space    used 7273K, capacity 7493K, committed 7552K, reserved 1048576K
}
Event: 4.878 GC heap after
{Heap after GC invocations=22 (full 0):
 garbage-first heap   total 78848K, used 31927K [0x00000000c2000000, 0x0000000100000000)
  region size 1024K, 5 young (5120K), 5 survivors (5120K)
 Metaspace       used 56133K, capacity 56795K, committed 56960K, reserved 1099776K
  class space    used 7273K, capacity 7493K, committed 7552K, reserved 1048576K
}
Event: 5.350 GC heap before
{Heap before GC invocations=22 (full 0):
 garbage-first heap   total 78848K, used 58551K [0x00000000c2000000, 0x0000000100000000)
  region size 1024K, 32 young (32768K), 5 survivors (5120K)
 Metaspace       used 59397K, capacity 60013K, committed 60160K, reserved 1101824K
  class space    used 7732K, capacity 7946K, committed 8064K, reserved 1048576K
}
Event: 5.356 GC heap after
{Heap after GC invocations=23 (full 0):
 garbage-first heap   total 78848K, used 33767K [0x00000000c2000000, 0x0000000100000000)
  region size 1024K, 2 young (2048K), 2 survivors (2048K)
 Metaspace       used 59397K, capacity 60013K, committed 60160K, reserved 1101824K
  class space    used 7732K, capacity 7946K, committed 8064K, reserved 1048576K
}
Event: 5.704 GC heap before
{Heap before GC invocations=24 (full 0):
 garbage-first heap   total 78848K, used 63463K [0x00000000c2000000, 0x0000000100000000)
  region size 1024K, 31 young (31744K), 2 survivors (2048K)
 Metaspace       used 62636K, capacity 63287K, committed 63488K, reserved 1103872K
  class space    used 8223K, capacity 8436K, committed 8448K, reserved 1048576K
}

