# JRE version: OpenJDK Runtime Environment (15.0.2+7) (build 15.0.2+7-27)
# Java VM: OpenJDK 64-Bit Server VM (15.0.2+7-27, mixed mode, tiered, compressed oops, g1 gc, windows-amd64)
GC Precious Log:
 CPUs: 8 total, 8 available
 Memory: 3962M
 Large Page Support: Disabled
 NUMA Support: Disabled
 Compressed Oops: Enabled (32-bit)
 Heap Region Size: 1M
 Heap Min Capacity: 8M
 Heap Initial Capacity: 62M
 Heap Max Capacity: 992M
 Pre-touch: Disabled
 Parallel Workers: 8
 Concurrent Workers: 2
 Concurrent Refinement Workers: 8
 Periodic GC: Disabled
Heap:
 garbage-first heap   total 76800K, used 52694K [0x00000000c2000000, 0x0000000100000000)
  region size 1024K, 16 young (16384K), 1 survivors (1024K)
 Metaspace       used 76122K, capacity 76993K, committed 77056K, reserved 1116160K
  class space    used 9927K, capacity 10221K, committed 10240K, reserved 1048576K
GC Heap History (20 events):
Event: 681.130 GC heap before
{Heap before GC invocations=216 (full 0):
 garbage-first heap   total 76800K, used 65973K [0x00000000c2000000, 0x0000000100000000)
  region size 1024K, 28 young (28672K), 1 survivors (1024K)
 Metaspace       used 75958K, capacity 76728K, committed 77056K, reserved 1116160K
  class space    used 9895K, capacity 10154K, committed 10240K, reserved 1048576K
}
Event: 681.133 GC heap after
{Heap after GC invocations=217 (full 0):
 garbage-first heap   total 76800K, used 38309K [0x00000000c2000000, 0x0000000100000000)
  region size 1024K, 1 young (1024K), 1 survivors (1024K)
 Metaspace       used 75958K, capacity 76728K, committed 77056K, reserved 1116160K
  class space    used 9895K, capacity 10154K, committed 10240K, reserved 1048576K
}
Event: 684.669 GC heap before
{Heap before GC invocations=217 (full 0):
 garbage-first heap   total 76800K, used 64933K [0x00000000c2000000, 0x0000000100000000)
  region size 1024K, 28 young (28672K), 1 survivors (1024K)
 Metaspace       used 75958K, capacity 76728K, committed 77056K, reserved 1116160K
  class space    used 9895K, capacity 10154K, committed 10240K, reserved 1048576K
}
Event: 684.672 GC heap after
{Heap after GC invocations=218 (full 0):
 garbage-first heap   total 76800K, used 38316K [0x00000000c2000000, 0x0000000100000000)
  region size 1024K, 1 young (1024K), 1 survivors (1024K)
 Metaspace       used 75958K, capacity 76728K, committed 77056K, reserved 1116160K
  class space    used 9895K, capacity 10154K, committed 10240K, reserved 1048576K
}
Event: 688.022 GC heap before
{Heap before GC invocations=219 (full 0):
 garbage-first heap   total 76800K, used 64940K [0x00000000c2000000, 0x0000000100000000)
  region size 1024K, 28 young (28672K), 1 survivors (1024K)
 Metaspace       used 75958K, capacity 76728K, committed 77056K, reserved 1116160K
  class space    used 9895K, capacity 10154K, committed 10240K, reserved 1048576K
}
Event: 688.024 GC heap after
{Heap after GC invocations=220 (full 0):
 garbage-first heap   total 76800K, used 38323K [0x00000000c2000000, 0x0000000100000000)
  region size 1024K, 1 young (1024K), 1 survivors (1024K)
 Metaspace       used 75958K, capacity 76728K, committed 77056K, reserved 1116160K
  class space    used 9895K, capacity 10154K, committed 10240K, reserved 1048576K
}
Event: 694.401 GC heap before
{Heap before GC invocations=220 (full 0):
 garbage-first heap   total 76800K, used 64947K [0x00000000c2000000, 0x0000000100000000)
  region size 1024K, 28 young (28672K), 1 survivors (1024K)
 Metaspace       used 75958K, capacity 76728K, committed 77056K, reserved 1116160K
  class space    used 9895K, capacity 10154K, committed 10240K, reserved 1048576K
}
Event: 694.539 GC heap after
{Heap after GC invocations=221 (full 0):
 garbage-first heap   total 76800K, used 38311K [0x00000000c2000000, 0x0000000100000000)
  region size 1024K, 1 young (1024K), 1 survivors (1024K)
 Metaspace       used 75958K, capacity 76728K, committed 77056K, reserved 1116160K
  class space    used 9895K, capacity 10154K, committed 10240K, reserved 1048576K
}
Event: 698.036 GC heap before
{Heap before GC invocations=222 (full 0):
 garbage-first heap   total 76800K, used 65959K [0x00000000c2000000, 0x0000000100000000)
  region size 1024K, 28 young (28672K), 1 survivors (1024K)
 Metaspace       used 75958K, capacity 76728K, committed 77056K, reserved 1116160K
  class space    used 9895K, capacity 10154K, committed 10240K, reserved 1048576K
}
Event: 698.041 GC heap after
{Heap after GC invocations=223 (full 0):
 garbage-first heap   total 76800K, used 38325K [0x00000000c2000000, 0x0000000100000000)
  region size 1024K, 1 young (1024K), 1 survivors (1024K)
 Metaspace       used 75958K, capacity 76728K, committed 77056K, reserved 1116160K
  class space    used 9895K, capacity 10154K, committed 10240K, reserved 1048576K
}
Event: 700.164 GC heap before
{Heap before GC invocations=223 (full 0):
 garbage-first heap   total 76800K, used 65973K [0x00000000c2000000, 0x0000000100000000)
  region size 1024K, 28 young (28672K), 1 survivors (1024K)
 Metaspace       used 75958K, capacity 76728K, committed 77056K, reserved 1116160K
  class space    used 9895K, capacity 10154K, committed 10240K, reserved 1048576K
}
Event: 700.165 GC heap after
{Heap after GC invocations=224 (full 0):
 garbage-first heap   total 76800K, used 38330K [0x00000000c2000000, 0x0000000100000000)
  region size 1024K, 1 young (1024K), 1 survivors (1024K)
 Metaspace       used 75958K, capacity 76728K, committed 77056K, reserved 1116160K
  class space    used 9895K, capacity 10154K, committed 10240K, reserved 1048576K
}
Event: 702.104 GC heap before
{Heap before GC invocations=225 (full 0):
 garbage-first heap   total 76800K, used 65978K [0x00000000c2000000, 0x0000000100000000)
  region size 1024K, 28 young (28672K), 1 survivors (1024K)
 Metaspace       used 75958K, capacity 76728K, committed 77056K, reserved 1116160K
  class space    used 9895K, capacity 10154K, committed 10240K, reserved 1048576K
}
Event: 702.120 GC heap after
{Heap after GC invocations=226 (full 0):
 garbage-first heap   total 76800K, used 38341K [0x00000000c2000000, 0x0000000100000000)
  region size 1024K, 1 young (1024K), 1 survivors (1024K)
 Metaspace       used 75958K, capacity 76728K, committed 77056K, reserved 1116160K
  class space    used 9895K, capacity 10154K, committed 10240K, reserved 1048576K
}
Event: 705.509 GC heap before
{Heap before GC invocations=226 (full 0):
 garbage-first heap   total 76800K, used 64965K [0x00000000c2000000, 0x0000000100000000)
  region size 1024K, 28 young (28672K), 1 survivors (1024K)
 Metaspace       used 75958K, capacity 76728K, committed 77056K, reserved 1116160K
  class space    used 9895K, capacity 10154K, committed 10240K, reserved 1048576K
}
Event: 705.512 GC heap after
{Heap after GC invocations=227 (full 0):
 garbage-first heap   total 76800K, used 38331K [0x00000000c2000000, 0x0000000100000000)
  region size 1024K, 1 young (1024K), 1 survivors (1024K)
 Metaspace       used 75958K, capacity 76728K, committed 77056K, reserved 1116160K
  class space    used 9895K, capacity 10154K, committed 10240K, reserved 1048576K
}
Event: 708.993 GC heap before
{Heap before GC invocations=228 (full 0):
 garbage-first heap   total 76800K, used 64955K [0x00000000c2000000, 0x0000000100000000)
  region size 1024K, 28 young (28672K), 1 survivors (1024K)
 Metaspace       used 75958K, capacity 76728K, committed 77056K, reserved 1116160K
  class space    used 9895K, capacity 10154K, committed 10240K, reserved 1048576K
}
Event: 708.995 GC heap after
{Heap after GC invocations=229 (full 0):
 garbage-first heap   total 76800K, used 38328K [0x00000000c2000000, 0x0000000100000000)
  region size 1024K, 1 young (1024K), 1 survivors (1024K)
 Metaspace       used 75958K, capacity 76728K, committed 77056K, reserved 1116160K
  class space    used 9895K, capacity 10154K, committed 10240K, reserved 1048576K
}
Event: 713.344 GC heap before
{Heap before GC invocations=229 (full 0):
 garbage-first heap   total 76800K, used 64952K [0x00000000c2000000, 0x0000000100000000)
  region size 1024K, 28 young (28672K), 1 survivors (1024K)
 Metaspace       used 75958K, capacity 76728K, committed 77056K, reserved 1116160K
  class space    used 9895K, capacity 10154K, committed 10240K, reserved 1048576K
}
Event: 713.347 GC heap after
{Heap after GC invocations=230 (full 0):
 garbage-first heap   total 76800K, used 38358K [0x00000000c2000000, 0x0000000100000000)
  region size 1024K, 1 young (1024K), 1 survivors (1024K)
 Metaspace       used 75958K, capacity 76728K, committed 77056K, reserved 1116160K
  class space    used 9895K, capacity 10154K, committed 10240K, reserved 1048576K
}

